2019-01-15 20:07:30 - shutdown request
2019-01-15 20:07:33 - using System;
2019-01-15 20:07:33 - using System.Collections.Generic;
2019-01-15 20:07:33 - using System.Linq;
2019-01-15 20:07:33 - using System.Text;
2019-01-15 20:07:33 - using System.Threading.Tasks;
2019-01-15 20:07:33 - using ICSharp.Kernel;
2019-01-15 20:07:33 - // Adding default usings. This file is included for each notebook when it starts.
2019-01-16 08:51:00 - using System;
2019-01-16 08:51:00 - using System.Collections.Generic;
2019-01-16 08:51:00 - using System.Linq;
2019-01-16 08:51:00 - using System.Text;
2019-01-16 08:51:00 - using System.Threading.Tasks;
2019-01-16 08:51:00 - using ICSharp.Kernel;
2019-01-16 08:51:00 - // Adding default usings. This file is included for each notebook when it starts.
2019-01-16 08:51:47 - shutdown request
2019-01-16 08:51:47 - using System;
2019-01-16 08:51:47 - using System.Collections.Generic;
2019-01-16 08:51:47 - using System.Linq;
2019-01-16 08:51:47 - using System.Text;
2019-01-16 08:51:47 - using System.Threading.Tasks;
2019-01-16 08:51:47 - using ICSharp.Kernel;
2019-01-16 08:51:47 - // Adding default usings. This file is included for each notebook when it starts.
2019-01-16 08:57:15 - using System;
2019-01-16 08:57:15 - using System.Collections.Generic;
2019-01-16 08:57:15 - using System.Linq;
2019-01-16 08:57:15 - using System.Text;
2019-01-16 08:57:15 - using System.Threading.Tasks;
2019-01-16 08:57:15 - using ICSharp.Kernel;
2019-01-16 08:57:15 - // Adding default usings. This file is included for each notebook when it starts.
